<?xml version="1.0" encoding="UTF-8"?>
<!-- Generated by org.testng.reporters.JUnitReportReporter -->
<testsuite skipped="0" hostname="localhost.localdomain" name="framework.AppTest" tests="1" failures="0" timestamp="24 Jul 2018 09:37:57 GMT" time="16.158" errors="0">
  <testcase name="shouldAnswerWithTrue" time="16.158" classname="framework.AppTest"/>
</testsuite> <!-- framework.AppTest -->
